<?xml version="1.0" encoding="UTF-8"?>
<testsuite name="com.cdsap.talaiot.e2e.NoOutputsBuildTest" tests="1" skipped="0" failures="0" errors="0" timestamp="2020-08-03T01:47:29" hostname="inakivillar" time="0.013">
  <properties/>
  <testcase name="Then: no logs are shown in the output" classname="com.cdsap.talaiot.e2e.NoOutputsBuildTest" time="0.013"/>
  <system-out><![CDATA[]]></system-out>
  <system-err><![CDATA[]]></system-err>
</testsuite>
