<?xml version="1.0" encoding="UTF-8"?>
<testsuite name="com.cdsap.talaiot.plugin.base.OutputPublisherBuildTest" tests="1" skipped="0" failures="0" errors="0" timestamp="2020-08-03T01:47:29" hostname="inakivillar" time="0.008">
  <properties/>
  <testcase name="Then: logs are shown in the output with the shrugged" classname="com.cdsap.talaiot.plugin.base.OutputPublisherBuildTest" time="0.008"/>
  <system-out><![CDATA[]]></system-out>
  <system-err><![CDATA[]]></system-err>
</testsuite>
