<?xml version="1.0" encoding="UTF-8"?>
<testsuite name="com.cdsap.talaiot.publisher.rethinkdb.RethinkDbPublisherTest" tests="5" skipped="0" failures="0" errors="0" timestamp="2020-07-20T16:36:34" hostname="inakivillar" time="0.349">
  <properties/>
  <testcase name="Then: Task Info is properly saved" classname="com.cdsap.talaiot.publisher.rethinkdb.RethinkDbPublisherTest" time="0.348"/>
  <testcase name="Then: Metrics are stored for Build and Task Table" classname="com.cdsap.talaiot.publisher.rethinkdb.RethinkDbPublisherTest" time="0.468"/>
  <testcase name="Then: RethinkDb Instance contains information for build and tasks" classname="com.cdsap.talaiot.publisher.rethinkdb.RethinkDbPublisherTest" time="0.533"/>
  <testcase name="Then: Error is thrown pointing the correct configuration" classname="com.cdsap.talaiot.publisher.rethinkdb.RethinkDbPublisherTest" time="0.513"/>
  <testcase name="Then: Build Info is properly saved" classname="com.cdsap.talaiot.publisher.rethinkdb.RethinkDbPublisherTest" time="0.4"/>
  <system-out><![CDATA[]]></system-out>
  <system-err><![CDATA[]]></system-err>
</testsuite>
