<?xml version="1.0" encoding="UTF-8"?>
<testsuite name="com.cdsap.talaiot.plugin.graph.DependencyGraphPublisherTest" tests="1" skipped="0" failures="0" errors="0" timestamp="2020-08-03T01:50:01" hostname="inakivillar" time="0.017">
  <properties/>
  <testcase name="Then: html and gexf files are generated" classname="com.cdsap.talaiot.plugin.graph.DependencyGraphPublisherTest" time="0.017"/>
  <system-out><![CDATA[]]></system-out>
  <system-err><![CDATA[]]></system-err>
</testsuite>
