<?xml version="1.0" encoding="UTF-8"?>
<testsuite name="com.cdsap.talaiot.plugin.rethinkdb.RethinkDbPublisherBuildTest" tests="1" skipped="0" failures="0" errors="0" timestamp="2020-08-03T01:50:45" hostname="inakivillar" time="0.014">
  <properties/>
  <testcase name="Then: logs are shown in the output and including the RethinkDb format" classname="com.cdsap.talaiot.plugin.rethinkdb.RethinkDbPublisherBuildTest" time="0.014"/>
  <system-out><![CDATA[
> Configure project :
1
2
#

> Task :compileJava NO-SOURCE
> Task :processResources NO-SOURCE
> Task :classes UP-TO-DATE
> Task :jar
> Task :assemble
[RethinkDbPublisher]: ================

Deprecated Gradle features were used in this build, making it incompatible with Gradle 7.0.
Use '--warning-mode all' to show the individual deprecation warnings.
See https://docs.gradle.org/6.4.1/userguide/command_line_interface.html#sec:command_line_warnings
[RethinkDbPublisher]: RethinkDbPublisher

[RethinkDbPublisher]: publishBuildMetrics: true
[RethinkDbPublisher]: publishTaskMetrics: true
[RethinkDbPublisher]: ================
BUILD SUCCESSFUL in 4s
1 actionable task: 1 executed
RethinkDbPublisher- Error executing the Runnable: port out of range:-1

]]></system-out>
  <system-err><![CDATA[]]></system-err>
</testsuite>
